<?xml version="1.0" encoding="UTF-8"?>
<!-- Generated by org.testng.reporters.JUnitReportReporter -->
<testsuite hostname="rutisqq383" failures="0" tests="1" name="Appium_Oct8.Appium_Oct8.Amazon" time="33.523" errors="0" timestamp="2021-11-02T19:13:18 IST" skipped="0">
  <testcase classname="Appium_Oct8.Appium_Oct8.Amazon" name="Run" time="33.523"/>
  <system-out/>
</testsuite> <!-- Appium_Oct8.Appium_Oct8.Amazon -->
